<?xml version="1.0" encoding="UTF-8"?>
<testng-results ignored="0" total="2" passed="2" failed="0" skipped="0">
  <reporter-output>
  </reporter-output>
  <suite started-at="2023-01-25T00:04:56 IST" name="Suite" finished-at="2023-01-25T00:05:09 IST" duration-ms="12279">
    <groups>
    </groups>
    <test started-at="2023-01-25T00:04:56 IST" name="ChromeTest" finished-at="2023-01-25T00:05:03 IST" duration-ms="6274">
      <class name="testNGPack.TestValidLogin2">
        <test-method signature="method1(java.lang.String,java.lang.String,java.lang.String,java.lang.String)[pri:0, instance:testNGPack.TestValidLogin2@62230c58]" started-at="2023-01-25T00:04:56 IST" name="method1" finished-at="2023-01-25T00:05:03 IST" duration-ms="6234" status="PASS">
          <params>
            <param index="0">
              <value>
                <![CDATA[chrome]]>
              </value>
            </param>
            <param index="1">
              <value>
                <![CDATA[http://laptop-lvmpkgtc/login.do]]>
              </value>
            </param>
            <param index="2">
              <value>
                <![CDATA[admin]]>
              </value>
            </param>
            <param index="3">
              <value>
                <![CDATA[manager]]>
              </value>
            </param>
          </params>
          <reporter-output>
          </reporter-output>
        </test-method> <!-- method1 -->
      </class> <!-- testNGPack.TestValidLogin2 -->
    </test> <!-- ChromeTest -->
    <test started-at="2023-01-25T00:05:03 IST" name="EdgeTest" finished-at="2023-01-25T00:05:09 IST" duration-ms="5944">
      <class name="testNGPack.TestValidLogin2">
        <test-method signature="method1(java.lang.String,java.lang.String,java.lang.String,java.lang.String)[pri:0, instance:testNGPack.TestValidLogin2@662b4c69]" started-at="2023-01-25T00:05:03 IST" name="method1" finished-at="2023-01-25T00:05:09 IST" duration-ms="5939" status="PASS">
          <params>
            <param index="0">
              <value>
                <![CDATA[edge]]>
              </value>
            </param>
            <param index="1">
              <value>
                <![CDATA[http://laptop-lvmpkgtc/login.do]]>
              </value>
            </param>
            <param index="2">
              <value>
                <![CDATA[admin]]>
              </value>
            </param>
            <param index="3">
              <value>
                <![CDATA[manager]]>
              </value>
            </param>
          </params>
          <reporter-output>
          </reporter-output>
        </test-method> <!-- method1 -->
      </class> <!-- testNGPack.TestValidLogin2 -->
    </test> <!-- EdgeTest -->
  </suite> <!-- Suite -->
</testng-results>
